<?xml version="1.0" encoding="UTF-8"?>
<!-- Generated by org.testng.reporters.JUnitXMLReporter -->
<testsuite ignored="6" hostname="LAPTOP-3GKDDO4O" failures="0" tests="4" name="Test" time="23.901" errors="0" timestamp="2022-03-18T19:55:28 GMT">
  <testcase classname="com.bbcproject.testcases.BBCHomePageTest" name="verifyHomePage" time="1.255"/>
  <testcase classname="com.bbcproject.testcases.VerifyDayDate" name="verifyDayDate" time="1.441"/>
  <testcase classname="com.bbcproject.testcases.VerifyNewsPageTitle" name="verifyHomePage" time="1.644"/>
  <testcase classname="com.bbcproject.testcases.VerifyNewsSearch" name="verifyNewsSearch" time="3.399"/>
  <testcase classname="com.bbcproject.base.BaseClass" name="@AfterSuite afterSuite" time="0.0">
    <ignored/>
  </testcase> <!-- @AfterSuite afterSuite -->
  <testcase classname="com.bbcproject.base.BaseClass" name="@AfterSuite afterSuite" time="0.0">
    <ignored/>
  </testcase> <!-- @AfterSuite afterSuite -->
  <testcase classname="com.bbcproject.base.BaseClass" name="@AfterSuite afterSuite" time="0.0">
    <ignored/>
  </testcase> <!-- @AfterSuite afterSuite -->
  <testcase classname="com.bbcproject.base.BaseClass" name="@BeforeSuite loadConfig" time="0.0">
    <ignored/>
  </testcase> <!-- @BeforeSuite loadConfig -->
  <testcase classname="com.bbcproject.base.BaseClass" name="@BeforeSuite loadConfig" time="0.0">
    <ignored/>
  </testcase> <!-- @BeforeSuite loadConfig -->
  <testcase classname="com.bbcproject.base.BaseClass" name="@BeforeSuite loadConfig" time="0.0">
    <ignored/>
  </testcase> <!-- @BeforeSuite loadConfig -->
</testsuite> <!-- Test -->
